2011/05/09 20:36:06 [error] [exception.CHttpException.404] exception 'CHttpException' with message 'Unable to resolve the request "gil".' in D:\wamp\www\yii\framework\web\CWebApplication.php:332
Stack trace:
#0 D:\wamp\www\yii\framework\web\CWebApplication.php(121): CWebApplication->runController('gil')
#1 D:\wamp\www\yii\framework\base\CApplication.php(155): CWebApplication->processRequest()
#2 D:\wamp\www\ferramenta\index.php(13): CApplication->run()
#3 {main} REQUEST_URI=/ferramenta/index.php?r=gil
2011/05/09 20:38:38 [error] [exception.CHttpException.404] exception 'CHttpException' with message 'Unable to resolve the request "gil".' in D:\wamp\www\yii\framework\web\CWebApplication.php:332
Stack trace:
#0 D:\wamp\www\yii\framework\web\CWebApplication.php(121): CWebApplication->runController('gil')
#1 D:\wamp\www\yii\framework\base\CApplication.php(155): CWebApplication->processRequest()
#2 D:\wamp\www\ferramenta\index.php(13): CApplication->run()
#3 {main} REQUEST_URI=/ferramenta/index.php?r=gil
2011/05/09 20:39:11 [error] [exception.CHttpException.404] exception 'CHttpException' with message 'Unable to resolve the request "gil".' in D:\wamp\www\yii\framework\web\CWebApplication.php:332
Stack trace:
#0 D:\wamp\www\yii\framework\web\CWebApplication.php(121): CWebApplication->runController('gil')
#1 D:\wamp\www\yii\framework\base\CApplication.php(155): CWebApplication->processRequest()
#2 D:\wamp\www\ferramenta\index.php(13): CApplication->run()
#3 {main} REQUEST_URI=/ferramenta/index.php?r=gil
2011/05/09 20:41:16 [error] [exception.CDbException] exception 'CDbException' with message 'CDbConnection failed to open the DB connection: could not find driver' in D:\wamp\www\yii\framework\db\CDbConnection.php:348
Stack trace:
#0 D:\wamp\www\yii\framework\db\CDbConnection.php(297): CDbConnection->open()
#1 D:\wamp\www\yii\framework\db\CDbConnection.php(275): CDbConnection->setActive(true)
#2 D:\wamp\www\yii\framework\base\CModule.php(372): CDbConnection->init()
#3 D:\wamp\www\yii\framework\base\CModule.php(86): CModule->getComponent('db')
#4 D:\wamp\www\yii\framework\gii\generators\crud\CrudCode.php(44): CModule->__get('db')
#5 D:\wamp\www\yii\framework\web\CFormModel.php(40): CrudCode->init()
#6 D:\wamp\www\yii\framework\gii\CCodeGenerator.php(149): CFormModel->__construct()
#7 D:\wamp\www\yii\framework\gii\CCodeGenerator.php(61): CCodeGenerator->prepare()
#8 D:\wamp\www\yii\framework\web\actions\CInlineAction.php(50): CCodeGenerator->actionIndex()
#9 D:\wamp\www\yii\framework\web\CController.php(300): CInlineAction->runWithParams(Array)
#10 D:\wamp\www\yii\framework\web\CController.php(278): CController->runAction(Object(CInlineAction))
#11 D:\wamp\www\yii\framework\web\CController.php(257): CController->runActionWithFilters(Object(CInlineAction), Array)
#12 D:\wamp\www\yii\framework\web\CWebApplication.php(328): CController->run('')
#13 D:\wamp\www\yii\framework\web\CWebApplication.php(121): CWebApplication->runController('gii/crud')
#14 D:\wamp\www\yii\framework\base\CApplication.php(155): CWebApplication->processRequest()
#15 D:\wamp\www\ferramenta\index.php(13): CApplication->run()
#16 {main} REQUEST_URI=/ferramenta/index.php?r=gii/crud
2011/05/09 20:41:39 [error] [exception.CDbException] exception 'CDbException' with message 'CDbConnection failed to open the DB connection: could not find driver' in D:\wamp\www\yii\framework\db\CDbConnection.php:348
Stack trace:
#0 D:\wamp\www\yii\framework\db\CDbConnection.php(297): CDbConnection->open()
#1 D:\wamp\www\yii\framework\db\CDbConnection.php(275): CDbConnection->setActive(true)
#2 D:\wamp\www\yii\framework\base\CModule.php(372): CDbConnection->init()
#3 D:\wamp\www\yii\framework\base\CModule.php(86): CModule->getComponent('db')
#4 D:\wamp\www\yii\framework\gii\generators\model\ModelCode.php(52): CModule->__get('db')
#5 D:\wamp\www\yii\framework\web\CFormModel.php(40): ModelCode->init()
#6 D:\wamp\www\yii\framework\gii\CCodeGenerator.php(149): CFormModel->__construct()
#7 D:\wamp\www\yii\framework\gii\CCodeGenerator.php(61): CCodeGenerator->prepare()
#8 D:\wamp\www\yii\framework\web\actions\CInlineAction.php(50): CCodeGenerator->actionIndex()
#9 D:\wamp\www\yii\framework\web\CController.php(300): CInlineAction->runWithParams(Array)
#10 D:\wamp\www\yii\framework\web\CController.php(278): CController->runAction(Object(CInlineAction))
#11 D:\wamp\www\yii\framework\web\CController.php(257): CController->runActionWithFilters(Object(CInlineAction), Array)
#12 D:\wamp\www\yii\framework\web\CWebApplication.php(328): CController->run('')
#13 D:\wamp\www\yii\framework\web\CWebApplication.php(121): CWebApplication->runController('gii/model')
#14 D:\wamp\www\yii\framework\base\CApplication.php(155): CWebApplication->processRequest()
#15 D:\wamp\www\ferramenta\index.php(13): CApplication->run()
#16 {main} REQUEST_URI=/ferramenta/index.php?r=gii/model
2011/05/09 20:42:30 [error] [exception.CHttpException.404] exception 'CHttpException' with message 'Unable to resolve the request "gil".' in D:\wamp\www\yii\framework\web\CWebApplication.php:332
Stack trace:
#0 D:\wamp\www\yii\framework\web\CWebApplication.php(121): CWebApplication->runController('gil')
#1 D:\wamp\www\yii\framework\base\CApplication.php(155): CWebApplication->processRequest()
#2 D:\wamp\www\ferramenta\index.php(13): CApplication->run()
#3 {main} REQUEST_URI=/ferramenta/index.php?r=gil
2011/05/09 20:42:46 [error] [exception.CDbException] exception 'CDbException' with message 'CDbConnection failed to open the DB connection: invalid data source name' in D:\wamp\www\yii\framework\db\CDbConnection.php:348
Stack trace:
#0 D:\wamp\www\yii\framework\db\CDbConnection.php(297): CDbConnection->open()
#1 D:\wamp\www\yii\framework\db\CDbConnection.php(275): CDbConnection->setActive(true)
#2 D:\wamp\www\yii\framework\base\CModule.php(372): CDbConnection->init()
#3 D:\wamp\www\yii\framework\base\CModule.php(86): CModule->getComponent('db')
#4 D:\wamp\www\yii\framework\gii\generators\model\ModelCode.php(52): CModule->__get('db')
#5 D:\wamp\www\yii\framework\web\CFormModel.php(40): ModelCode->init()
#6 D:\wamp\www\yii\framework\gii\CCodeGenerator.php(149): CFormModel->__construct()
#7 D:\wamp\www\yii\framework\gii\CCodeGenerator.php(61): CCodeGenerator->prepare()
#8 D:\wamp\www\yii\framework\web\actions\CInlineAction.php(50): CCodeGenerator->actionIndex()
#9 D:\wamp\www\yii\framework\web\CController.php(300): CInlineAction->runWithParams(Array)
#10 D:\wamp\www\yii\framework\web\CController.php(278): CController->runAction(Object(CInlineAction))
#11 D:\wamp\www\yii\framework\web\CController.php(257): CController->runActionWithFilters(Object(CInlineAction), Array)
#12 D:\wamp\www\yii\framework\web\CWebApplication.php(328): CController->run('')
#13 D:\wamp\www\yii\framework\web\CWebApplication.php(121): CWebApplication->runController('gii/model')
#14 D:\wamp\www\yii\framework\base\CApplication.php(155): CWebApplication->processRequest()
#15 D:\wamp\www\ferramenta\index.php(13): CApplication->run()
#16 {main} REQUEST_URI=/ferramenta/index.php?r=gii/model
2011/05/09 20:48:01 [error] [exception.CDbException] exception 'CDbException' with message 'CDbConnection failed to open the DB connection: SQLSTATE[HY000]: pdo_oci_handle_factory: ORA-12514: TNS:listener não tem conhecimento sobre o serviço solicitado atualmente no descritor de conexão
 (ext\pdo_oci\oci_driver.c:579)' in D:\wamp\www\yii\framework\db\CDbConnection.php:348
Stack trace:
#0 D:\wamp\www\yii\framework\db\CDbConnection.php(297): CDbConnection->open()
#1 D:\wamp\www\yii\framework\db\CDbConnection.php(275): CDbConnection->setActive(true)
#2 D:\wamp\www\yii\framework\base\CModule.php(372): CDbConnection->init()
#3 D:\wamp\www\yii\framework\base\CModule.php(86): CModule->getComponent('db')
#4 D:\wamp\www\yii\framework\gii\generators\model\ModelCode.php(52): CModule->__get('db')
#5 D:\wamp\www\yii\framework\web\CFormModel.php(40): ModelCode->init()
#6 D:\wamp\www\yii\framework\gii\CCodeGenerator.php(149): CFormModel->__construct()
#7 D:\wamp\www\yii\framework\gii\CCodeGenerator.php(61): CCodeGenerator->prepare()
#8 D:\wamp\www\yii\framework\web\actions\CInlineAction.php(50): CCodeGenerator->actionIndex()
#9 D:\wamp\www\yii\framework\web\CController.php(300): CInlineAction->runWithParams(Array)
#10 D:\wamp\www\yii\framework\web\CController.php(278): CController->runAction(Object(CInlineAction))
#11 D:\wamp\www\yii\framework\web\CController.php(257): CController->runActionWithFilters(Object(CInlineAction), Array)
#12 D:\wamp\www\yii\framework\web\CWebApplication.php(328): CController->run('')
#13 D:\wamp\www\yii\framework\web\CWebApplication.php(121): CWebApplication->runController('gii/model')
#14 D:\wamp\www\yii\framework\base\CApplication.php(155): CWebApplication->processRequest()
#15 D:\wamp\www\ferramenta\index.php(13): CApplication->run()
#16 {main} REQUEST_URI=/ferramenta/index.php?r=gii/model
2011/05/09 20:48:24 [error] [exception.CDbException] exception 'CDbException' with message 'CDbConnection failed to open the DB connection: SQLSTATE[HY000]: pdo_oci_handle_factory: ORA-12514: TNS:listener não tem conhecimento sobre o serviço solicitado atualmente no descritor de conexão
 (ext\pdo_oci\oci_driver.c:579)' in D:\wamp\www\yii\framework\db\CDbConnection.php:348
Stack trace:
#0 D:\wamp\www\yii\framework\db\CDbConnection.php(297): CDbConnection->open()
#1 D:\wamp\www\yii\framework\db\CDbConnection.php(275): CDbConnection->setActive(true)
#2 D:\wamp\www\yii\framework\base\CModule.php(372): CDbConnection->init()
#3 D:\wamp\www\yii\framework\base\CModule.php(86): CModule->getComponent('db')
#4 D:\wamp\www\yii\framework\gii\generators\model\ModelCode.php(52): CModule->__get('db')
#5 D:\wamp\www\yii\framework\web\CFormModel.php(40): ModelCode->init()
#6 D:\wamp\www\yii\framework\gii\CCodeGenerator.php(149): CFormModel->__construct()
#7 D:\wamp\www\yii\framework\gii\CCodeGenerator.php(61): CCodeGenerator->prepare()
#8 D:\wamp\www\yii\framework\web\actions\CInlineAction.php(50): CCodeGenerator->actionIndex()
#9 D:\wamp\www\yii\framework\web\CController.php(300): CInlineAction->runWithParams(Array)
#10 D:\wamp\www\yii\framework\web\CController.php(278): CController->runAction(Object(CInlineAction))
#11 D:\wamp\www\yii\framework\web\CController.php(257): CController->runActionWithFilters(Object(CInlineAction), Array)
#12 D:\wamp\www\yii\framework\web\CWebApplication.php(328): CController->run('')
#13 D:\wamp\www\yii\framework\web\CWebApplication.php(121): CWebApplication->runController('gii/model')
#14 D:\wamp\www\yii\framework\base\CApplication.php(155): CWebApplication->processRequest()
#15 D:\wamp\www\ferramenta\index.php(13): CApplication->run()
#16 {main} REQUEST_URI=/ferramenta/index.php?r=gii/model
2011/05/09 20:50:13 [error] [exception.CDbException] exception 'CDbException' with message 'CDbConnection failed to open the DB connection: SQLSTATE[HY000]: pdo_oci_handle_factory: ORA-12514: TNS:listener não tem conhecimento sobre o serviço solicitado atualmente no descritor de conexão
 (ext\pdo_oci\oci_driver.c:579)' in D:\wamp\www\yii\framework\db\CDbConnection.php:348
Stack trace:
#0 D:\wamp\www\yii\framework\db\CDbConnection.php(297): CDbConnection->open()
#1 D:\wamp\www\yii\framework\db\CDbConnection.php(275): CDbConnection->setActive(true)
#2 D:\wamp\www\yii\framework\base\CModule.php(372): CDbConnection->init()
#3 D:\wamp\www\yii\framework\base\CModule.php(86): CModule->getComponent('db')
#4 D:\wamp\www\yii\framework\gii\generators\model\ModelCode.php(52): CModule->__get('db')
#5 D:\wamp\www\yii\framework\web\CFormModel.php(40): ModelCode->init()
#6 D:\wamp\www\yii\framework\gii\CCodeGenerator.php(149): CFormModel->__construct()
#7 D:\wamp\www\yii\framework\gii\CCodeGenerator.php(61): CCodeGenerator->prepare()
#8 D:\wamp\www\yii\framework\web\actions\CInlineAction.php(50): CCodeGenerator->actionIndex()
#9 D:\wamp\www\yii\framework\web\CController.php(300): CInlineAction->runWithParams(Array)
#10 D:\wamp\www\yii\framework\web\CController.php(278): CController->runAction(Object(CInlineAction))
#11 D:\wamp\www\yii\framework\web\CController.php(257): CController->runActionWithFilters(Object(CInlineAction), Array)
#12 D:\wamp\www\yii\framework\web\CWebApplication.php(328): CController->run('')
#13 D:\wamp\www\yii\framework\web\CWebApplication.php(121): CWebApplication->runController('gii/model')
#14 D:\wamp\www\yii\framework\base\CApplication.php(155): CWebApplication->processRequest()
#15 D:\wamp\www\ferramenta\index.php(13): CApplication->run()
#16 {main} REQUEST_URI=/ferramenta/index.php?r=gii/model
2011/05/09 20:50:28 [error] [exception.CDbException] exception 'CDbException' with message 'CDbConnection failed to open the DB connection: SQLSTATE[HY000]: pdo_oci_handle_factory: ORA-12514: TNS:listener não tem conhecimento sobre o serviço solicitado atualmente no descritor de conexão
 (ext\pdo_oci\oci_driver.c:579)' in D:\wamp\www\yii\framework\db\CDbConnection.php:348
Stack trace:
#0 D:\wamp\www\yii\framework\db\CDbConnection.php(297): CDbConnection->open()
#1 D:\wamp\www\yii\framework\db\CDbConnection.php(275): CDbConnection->setActive(true)
#2 D:\wamp\www\yii\framework\base\CModule.php(372): CDbConnection->init()
#3 D:\wamp\www\yii\framework\base\CModule.php(86): CModule->getComponent('db')
#4 D:\wamp\www\yii\framework\gii\generators\model\ModelCode.php(52): CModule->__get('db')
#5 D:\wamp\www\yii\framework\web\CFormModel.php(40): ModelCode->init()
#6 D:\wamp\www\yii\framework\gii\CCodeGenerator.php(149): CFormModel->__construct()
#7 D:\wamp\www\yii\framework\gii\CCodeGenerator.php(61): CCodeGenerator->prepare()
#8 D:\wamp\www\yii\framework\web\actions\CInlineAction.php(50): CCodeGenerator->actionIndex()
#9 D:\wamp\www\yii\framework\web\CController.php(300): CInlineAction->runWithParams(Array)
#10 D:\wamp\www\yii\framework\web\CController.php(278): CController->runAction(Object(CInlineAction))
#11 D:\wamp\www\yii\framework\web\CController.php(257): CController->runActionWithFilters(Object(CInlineAction), Array)
#12 D:\wamp\www\yii\framework\web\CWebApplication.php(328): CController->run('')
#13 D:\wamp\www\yii\framework\web\CWebApplication.php(121): CWebApplication->runController('gii/model')
#14 D:\wamp\www\yii\framework\base\CApplication.php(155): CWebApplication->processRequest()
#15 D:\wamp\www\ferramenta\index.php(13): CApplication->run()
#16 {main} REQUEST_URI=/ferramenta/index.php?r=gii/model
2011/05/09 20:52:32 [error] [exception.CDbException] exception 'CDbException' with message 'CDbConnection failed to open the DB connection: SQLSTATE[HY000]: pdo_oci_handle_factory: ORA-12537: TNS:conexão fechada
 (ext\pdo_oci\oci_driver.c:579)' in D:\wamp\www\yii\framework\db\CDbConnection.php:348
Stack trace:
#0 D:\wamp\www\yii\framework\db\CDbConnection.php(297): CDbConnection->open()
#1 D:\wamp\www\yii\framework\db\CDbConnection.php(275): CDbConnection->setActive(true)
#2 D:\wamp\www\yii\framework\base\CModule.php(372): CDbConnection->init()
#3 D:\wamp\www\yii\framework\base\CModule.php(86): CModule->getComponent('db')
#4 D:\wamp\www\yii\framework\gii\generators\model\ModelCode.php(52): CModule->__get('db')
#5 D:\wamp\www\yii\framework\web\CFormModel.php(40): ModelCode->init()
#6 D:\wamp\www\yii\framework\gii\CCodeGenerator.php(149): CFormModel->__construct()
#7 D:\wamp\www\yii\framework\gii\CCodeGenerator.php(61): CCodeGenerator->prepare()
#8 D:\wamp\www\yii\framework\web\actions\CInlineAction.php(50): CCodeGenerator->actionIndex()
#9 D:\wamp\www\yii\framework\web\CController.php(300): CInlineAction->runWithParams(Array)
#10 D:\wamp\www\yii\framework\web\CController.php(278): CController->runAction(Object(CInlineAction))
#11 D:\wamp\www\yii\framework\web\CController.php(257): CController->runActionWithFilters(Object(CInlineAction), Array)
#12 D:\wamp\www\yii\framework\web\CWebApplication.php(328): CController->run('')
#13 D:\wamp\www\yii\framework\web\CWebApplication.php(121): CWebApplication->runController('gii/model')
#14 D:\wamp\www\yii\framework\base\CApplication.php(155): CWebApplication->processRequest()
#15 D:\wamp\www\ferramenta\index.php(13): CApplication->run()
#16 {main} REQUEST_URI=/ferramenta/index.php?r=gii/model
2011/05/12 12:13:39 [error] [php] mail() [<a href='function.mail'>function.mail</a>]: Failed to connect to mailserver at &quot;localhost&quot; port 25, verify your &quot;SMTP&quot; and &quot;smtp_port&quot; setting in php.ini or use ini_set() (D:\wamp\www\ferramenta\protected\controllers\SiteController.php:61)
Stack trace:
#0 D:\wamp\www\yii\framework\web\CController.php(300): CInlineAction->runWithParams()
#1 D:\wamp\www\yii\framework\web\CController.php(278): SiteController->runAction()
#2 D:\wamp\www\yii\framework\web\CController.php(257): SiteController->runActionWithFilters()
#3 D:\wamp\www\yii\framework\web\CWebApplication.php(328): SiteController->run()
#4 D:\wamp\www\yii\framework\web\CWebApplication.php(121): CWebApplication->runController()
#5 D:\wamp\www\yii\framework\base\CApplication.php(155): CWebApplication->processRequest()
#6 D:\wamp\www\ferramenta\index.php(13): CWebApplication->run()
REQUEST_URI=/ferramenta/index.php?r=site/contact
in D:\wamp\www\ferramenta\protected\controllers\SiteController.php (61)
in D:\wamp\www\ferramenta\index.php (13)
2011/05/12 12:40:42 [error] [system.db.CDbCommand] CDbCommand::execute() failed: SQLSTATE[HY000]: General error: 1862 OCIStmtExecute: ORA-01862: O valor numérico não corresponde ao tamanho do formato do item
 (ext\pdo_oci\oci_statement.c:146). The SQL statement executed was: INSERT INTO "TESTES_REALIZADOS" ("TEMPOTOTAL", "CODICAO_ATENTIDO", "ALTERACAO_FONTE", "NAO_CONFORMIDADE", "COD_TESTE", "MATRICULA", "RESGISTRARDUVIDAS", "RESULTADO_FINAL", "NUM_LAUDO") VALUES (:yp0, :yp1, :yp2, :yp3, :yp4, :yp5, :yp6, :yp7, :yp8) RETURNING "COD_REALIZACAO" INTO :RETURN_ID.
in D:\wamp\www\ferramenta\protected\controllers\TestesRealizadosController.php (72)
in D:\wamp\www\ferramenta\index.php (13)
2011/05/12 12:40:42 [error] [exception.CDbException] exception 'CDbException' with message 'CDbCommand failed to execute the SQL statement: SQLSTATE[HY000]: General error: 1862 OCIStmtExecute: ORA-01862: O valor numérico não corresponde ao tamanho do formato do item
 (ext\pdo_oci\oci_statement.c:146). The SQL statement executed was: INSERT INTO "TESTES_REALIZADOS" ("TEMPOTOTAL", "CODICAO_ATENTIDO", "ALTERACAO_FONTE", "NAO_CONFORMIDADE", "COD_TESTE", "MATRICULA", "RESGISTRARDUVIDAS", "RESULTADO_FINAL", "NUM_LAUDO") VALUES (:yp0, :yp1, :yp2, :yp3, :yp4, :yp5, :yp6, :yp7, :yp8) RETURNING "COD_REALIZACAO" INTO :RETURN_ID' in D:\wamp\www\yii\framework\db\CDbCommand.php:338
Stack trace:
#0 D:\wamp\www\yii\framework\db\ar\CActiveRecord.php(1015): CDbCommand->execute()
#1 D:\wamp\www\yii\framework\db\ar\CActiveRecord.php(779): CActiveRecord->insert(NULL)
#2 D:\wamp\www\ferramenta\protected\controllers\TestesRealizadosController.php(72): CActiveRecord->save()
#3 D:\wamp\www\yii\framework\web\actions\CInlineAction.php(50): TestesRealizadosController->actionCreate()
#4 D:\wamp\www\yii\framework\web\CController.php(300): CInlineAction->runWithParams(Array)
#5 D:\wamp\www\yii\framework\web\filters\CFilterChain.php(133): CController->runAction(Object(CInlineAction))
#6 D:\wamp\www\yii\framework\web\filters\CFilter.php(41): CFilterChain->run()
#7 D:\wamp\www\yii\framework\web\CController.php(1122): CFilter->filter(Object(CFilterChain))
#8 D:\wamp\www\yii\framework\web\filters\CInlineFilter.php(59): CController->filterAccessControl(Object(CFilterChain))
#9 D:\wamp\www\yii\framework\web\filters\CFilterChain.php(130): CInlineFilter->filter(Object(CFilterChain))
#10 D:\wamp\www\yii\framework\web\CController.php(283): CFilterChain->run()
#11 D:\wamp\www\yii\framework\web\CController.php(257): CController->runActionWithFilters(Object(CInlineAction), Array)
#12 D:\wamp\www\yii\framework\web\CWebApplication.php(328): CController->run('create')
#13 D:\wamp\www\yii\framework\web\CWebApplication.php(121): CWebApplication->runController('testesRealizado...')
#14 D:\wamp\www\yii\framework\base\CApplication.php(155): CWebApplication->processRequest()
#15 D:\wamp\www\ferramenta\index.php(13): CApplication->run()
#16 {main} REQUEST_URI=/ferramenta/index.php?r=testesRealizados/create
2011/05/12 12:49:50 [error] [system.db.CDbCommand] CDbCommand::execute() failed: SQLSTATE[HY000]: General error: 1862 OCIStmtExecute: ORA-01862: O valor numérico não corresponde ao tamanho do formato do item
 (ext\pdo_oci\oci_statement.c:146). The SQL statement executed was: INSERT INTO "TESTES_REALIZADOS" ("TEMPOTOTAL", "CODICAO_ATENTIDO", "ALTERACAO_FONTE", "NAO_CONFORMIDADE", "COD_TESTE", "MATRICULA", "RESGISTRARDUVIDAS", "RESULTADO_FINAL", "NUM_LAUDO") VALUES (:yp0, :yp1, :yp2, :yp3, :yp4, :yp5, :yp6, :yp7, :yp8) RETURNING "COD_REALIZACAO" INTO :RETURN_ID.
in D:\wamp\www\ferramenta\protected\controllers\TestesRealizadosController.php (72)
in D:\wamp\www\ferramenta\index.php (13)
2011/05/12 12:49:50 [error] [exception.CDbException] exception 'CDbException' with message 'CDbCommand failed to execute the SQL statement: SQLSTATE[HY000]: General error: 1862 OCIStmtExecute: ORA-01862: O valor numérico não corresponde ao tamanho do formato do item
 (ext\pdo_oci\oci_statement.c:146). The SQL statement executed was: INSERT INTO "TESTES_REALIZADOS" ("TEMPOTOTAL", "CODICAO_ATENTIDO", "ALTERACAO_FONTE", "NAO_CONFORMIDADE", "COD_TESTE", "MATRICULA", "RESGISTRARDUVIDAS", "RESULTADO_FINAL", "NUM_LAUDO") VALUES (:yp0, :yp1, :yp2, :yp3, :yp4, :yp5, :yp6, :yp7, :yp8) RETURNING "COD_REALIZACAO" INTO :RETURN_ID' in D:\wamp\www\yii\framework\db\CDbCommand.php:338
Stack trace:
#0 D:\wamp\www\yii\framework\db\ar\CActiveRecord.php(1015): CDbCommand->execute()
#1 D:\wamp\www\yii\framework\db\ar\CActiveRecord.php(779): CActiveRecord->insert(NULL)
#2 D:\wamp\www\ferramenta\protected\controllers\TestesRealizadosController.php(72): CActiveRecord->save()
#3 D:\wamp\www\yii\framework\web\actions\CInlineAction.php(50): TestesRealizadosController->actionCreate()
#4 D:\wamp\www\yii\framework\web\CController.php(300): CInlineAction->runWithParams(Array)
#5 D:\wamp\www\yii\framework\web\filters\CFilterChain.php(133): CController->runAction(Object(CInlineAction))
#6 D:\wamp\www\yii\framework\web\filters\CFilter.php(41): CFilterChain->run()
#7 D:\wamp\www\yii\framework\web\CController.php(1122): CFilter->filter(Object(CFilterChain))
#8 D:\wamp\www\yii\framework\web\filters\CInlineFilter.php(59): CController->filterAccessControl(Object(CFilterChain))
#9 D:\wamp\www\yii\framework\web\filters\CFilterChain.php(130): CInlineFilter->filter(Object(CFilterChain))
#10 D:\wamp\www\yii\framework\web\CController.php(283): CFilterChain->run()
#11 D:\wamp\www\yii\framework\web\CController.php(257): CController->runActionWithFilters(Object(CInlineAction), Array)
#12 D:\wamp\www\yii\framework\web\CWebApplication.php(328): CController->run('create')
#13 D:\wamp\www\yii\framework\web\CWebApplication.php(121): CWebApplication->runController('testesRealizado...')
#14 D:\wamp\www\yii\framework\base\CApplication.php(155): CWebApplication->processRequest()
#15 D:\wamp\www\ferramenta\index.php(13): CApplication->run()
#16 {main} REQUEST_URI=/ferramenta/index.php?r=testesRealizados/create
2011/05/12 13:11:05 [warning] [application] Failed to set unsafe attribute "COD_SOFTWARE".
in D:\wamp\www\ferramenta\protected\controllers\TestesRealizadosController.php (71)
in D:\wamp\www\ferramenta\index.php (13)
2011/05/12 13:11:05 [error] [exception.CException] exception 'CException' with message 'Property "TestesRealizados.NUM_LAUDO" is not defined.' in D:\wamp\www\yii\framework\base\CComponent.php:131
Stack trace:
#0 D:\wamp\www\yii\framework\db\ar\CActiveRecord.php(128): CComponent->__get('NUM_LAUDO')
#1 D:\wamp\www\yii\framework\validators\CNumberValidator.php(66): CActiveRecord->__get('NUM_LAUDO')
#2 D:\wamp\www\yii\framework\validators\CValidator.php(192): CNumberValidator->validateAttribute(Object(TestesRealizados), 'NUM_LAUDO')
#3 D:\wamp\www\yii\framework\base\CModel.php(152): CValidator->validate(Object(TestesRealizados), NULL)
#4 D:\wamp\www\yii\framework\db\ar\CActiveRecord.php(778): CModel->validate(NULL)
#5 D:\wamp\www\ferramenta\protected\controllers\TestesRealizadosController.php(72): CActiveRecord->save()
#6 D:\wamp\www\yii\framework\web\actions\CInlineAction.php(50): TestesRealizadosController->actionCreate()
#7 D:\wamp\www\yii\framework\web\CController.php(300): CInlineAction->runWithParams(Array)
#8 D:\wamp\www\yii\framework\web\filters\CFilterChain.php(133): CController->runAction(Object(CInlineAction))
#9 D:\wamp\www\yii\framework\web\filters\CFilter.php(41): CFilterChain->run()
#10 D:\wamp\www\yii\framework\web\CController.php(1122): CFilter->filter(Object(CFilterChain))
#11 D:\wamp\www\yii\framework\web\filters\CInlineFilter.php(59): CController->filterAccessControl(Object(CFilterChain))
#12 D:\wamp\www\yii\framework\web\filters\CFilterChain.php(130): CInlineFilter->filter(Object(CFilterChain))
#13 D:\wamp\www\yii\framework\web\CController.php(283): CFilterChain->run()
#14 D:\wamp\www\yii\framework\web\CController.php(257): CController->runActionWithFilters(Object(CInlineAction), Array)
#15 D:\wamp\www\yii\framework\web\CWebApplication.php(328): CController->run('create')
#16 D:\wamp\www\yii\framework\web\CWebApplication.php(121): CWebApplication->runController('testesRealizado...')
#17 D:\wamp\www\yii\framework\base\CApplication.php(155): CWebApplication->processRequest()
#18 D:\wamp\www\ferramenta\index.php(13): CApplication->run()
#19 {main} REQUEST_URI=/ferramenta/index.php?r=testesRealizados/create
2011/05/12 13:11:11 [warning] [application] Failed to set unsafe attribute "COD_SOFTWARE".
in D:\wamp\www\ferramenta\protected\controllers\TestesRealizadosController.php (71)
in D:\wamp\www\ferramenta\index.php (13)
2011/05/12 13:11:11 [error] [exception.CException] exception 'CException' with message 'Property "TestesRealizados.NUM_LAUDO" is not defined.' in D:\wamp\www\yii\framework\base\CComponent.php:131
Stack trace:
#0 D:\wamp\www\yii\framework\db\ar\CActiveRecord.php(128): CComponent->__get('NUM_LAUDO')
#1 D:\wamp\www\yii\framework\validators\CNumberValidator.php(66): CActiveRecord->__get('NUM_LAUDO')
#2 D:\wamp\www\yii\framework\validators\CValidator.php(192): CNumberValidator->validateAttribute(Object(TestesRealizados), 'NUM_LAUDO')
#3 D:\wamp\www\yii\framework\base\CModel.php(152): CValidator->validate(Object(TestesRealizados), NULL)
#4 D:\wamp\www\yii\framework\db\ar\CActiveRecord.php(778): CModel->validate(NULL)
#5 D:\wamp\www\ferramenta\protected\controllers\TestesRealizadosController.php(72): CActiveRecord->save()
#6 D:\wamp\www\yii\framework\web\actions\CInlineAction.php(50): TestesRealizadosController->actionCreate()
#7 D:\wamp\www\yii\framework\web\CController.php(300): CInlineAction->runWithParams(Array)
#8 D:\wamp\www\yii\framework\web\filters\CFilterChain.php(133): CController->runAction(Object(CInlineAction))
#9 D:\wamp\www\yii\framework\web\filters\CFilter.php(41): CFilterChain->run()
#10 D:\wamp\www\yii\framework\web\CController.php(1122): CFilter->filter(Object(CFilterChain))
#11 D:\wamp\www\yii\framework\web\filters\CInlineFilter.php(59): CController->filterAccessControl(Object(CFilterChain))
#12 D:\wamp\www\yii\framework\web\filters\CFilterChain.php(130): CInlineFilter->filter(Object(CFilterChain))
#13 D:\wamp\www\yii\framework\web\CController.php(283): CFilterChain->run()
#14 D:\wamp\www\yii\framework\web\CController.php(257): CController->runActionWithFilters(Object(CInlineAction), Array)
#15 D:\wamp\www\yii\framework\web\CWebApplication.php(328): CController->run('create')
#16 D:\wamp\www\yii\framework\web\CWebApplication.php(121): CWebApplication->runController('testesRealizado...')
#17 D:\wamp\www\yii\framework\base\CApplication.php(155): CWebApplication->processRequest()
#18 D:\wamp\www\ferramenta\index.php(13): CApplication->run()
#19 {main} REQUEST_URI=/ferramenta/index.php?r=testesRealizados/create
2011/05/12 13:13:23 [error] [system.db.CDbCommand] CDbCommand::execute() failed: SQLSTATE[HY000]: General error: 1862 OCIStmtExecute: ORA-01862: O valor numérico não corresponde ao tamanho do formato do item
 (ext\pdo_oci\oci_statement.c:146). The SQL statement executed was: INSERT INTO "TESTES_REALIZADOS" ("TEMPOTOTAL", "CODICAO_ATENTIDO", "ALTERACAO_FONTE", "NAO_CONFORMIDADE", "COD_TESTE", "MATRICULA", "RESGISTRARDUVIDAS", "RESULTADO_FINAL", "COD_SOFTWARE") VALUES (:yp0, :yp1, :yp2, :yp3, :yp4, :yp5, :yp6, :yp7, :yp8) RETURNING "COD_REALIZACAO" INTO :RETURN_ID.
in D:\wamp\www\ferramenta\protected\controllers\TestesRealizadosController.php (72)
in D:\wamp\www\ferramenta\index.php (13)
2011/05/12 13:13:23 [error] [exception.CDbException] exception 'CDbException' with message 'CDbCommand failed to execute the SQL statement: SQLSTATE[HY000]: General error: 1862 OCIStmtExecute: ORA-01862: O valor numérico não corresponde ao tamanho do formato do item
 (ext\pdo_oci\oci_statement.c:146). The SQL statement executed was: INSERT INTO "TESTES_REALIZADOS" ("TEMPOTOTAL", "CODICAO_ATENTIDO", "ALTERACAO_FONTE", "NAO_CONFORMIDADE", "COD_TESTE", "MATRICULA", "RESGISTRARDUVIDAS", "RESULTADO_FINAL", "COD_SOFTWARE") VALUES (:yp0, :yp1, :yp2, :yp3, :yp4, :yp5, :yp6, :yp7, :yp8) RETURNING "COD_REALIZACAO" INTO :RETURN_ID' in D:\wamp\www\yii\framework\db\CDbCommand.php:338
Stack trace:
#0 D:\wamp\www\yii\framework\db\ar\CActiveRecord.php(1015): CDbCommand->execute()
#1 D:\wamp\www\yii\framework\db\ar\CActiveRecord.php(779): CActiveRecord->insert(NULL)
#2 D:\wamp\www\ferramenta\protected\controllers\TestesRealizadosController.php(72): CActiveRecord->save()
#3 D:\wamp\www\yii\framework\web\actions\CInlineAction.php(50): TestesRealizadosController->actionCreate()
#4 D:\wamp\www\yii\framework\web\CController.php(300): CInlineAction->runWithParams(Array)
#5 D:\wamp\www\yii\framework\web\filters\CFilterChain.php(133): CController->runAction(Object(CInlineAction))
#6 D:\wamp\www\yii\framework\web\filters\CFilter.php(41): CFilterChain->run()
#7 D:\wamp\www\yii\framework\web\CController.php(1122): CFilter->filter(Object(CFilterChain))
#8 D:\wamp\www\yii\framework\web\filters\CInlineFilter.php(59): CController->filterAccessControl(Object(CFilterChain))
#9 D:\wamp\www\yii\framework\web\filters\CFilterChain.php(130): CInlineFilter->filter(Object(CFilterChain))
#10 D:\wamp\www\yii\framework\web\CController.php(283): CFilterChain->run()
#11 D:\wamp\www\yii\framework\web\CController.php(257): CController->runActionWithFilters(Object(CInlineAction), Array)
#12 D:\wamp\www\yii\framework\web\CWebApplication.php(328): CController->run('create')
#13 D:\wamp\www\yii\framework\web\CWebApplication.php(121): CWebApplication->runController('testesRealizado...')
#14 D:\wamp\www\yii\framework\base\CApplication.php(155): CWebApplication->processRequest()
#15 D:\wamp\www\ferramenta\index.php(13): CApplication->run()
#16 {main} REQUEST_URI=/ferramenta/index.php?r=testesRealizados/create
2011/05/12 13:15:30 [error] [system.db.CDbCommand] CDbCommand::execute() failed: SQLSTATE[HY000]: General error: 1862 OCIStmtExecute: ORA-01862: O valor numérico não corresponde ao tamanho do formato do item
 (ext\pdo_oci\oci_statement.c:146). The SQL statement executed was: INSERT INTO "TESTES_REALIZADOS" ("TEMPOTOTAL", "CODICAO_ATENTIDO", "ALTERACAO_FONTE", "NAO_CONFORMIDADE", "COD_TESTE", "MATRICULA", "RESGISTRARDUVIDAS", "RESULTADO_FINAL", "COD_SOFTWARE") VALUES (:yp0, :yp1, :yp2, :yp3, :yp4, :yp5, :yp6, :yp7, :yp8) RETURNING "COD_REALIZACAO" INTO :RETURN_ID.
in D:\wamp\www\ferramenta\protected\controllers\TestesRealizadosController.php (72)
in D:\wamp\www\ferramenta\index.php (13)
2011/05/12 13:15:30 [error] [exception.CDbException] exception 'CDbException' with message 'CDbCommand failed to execute the SQL statement: SQLSTATE[HY000]: General error: 1862 OCIStmtExecute: ORA-01862: O valor numérico não corresponde ao tamanho do formato do item
 (ext\pdo_oci\oci_statement.c:146). The SQL statement executed was: INSERT INTO "TESTES_REALIZADOS" ("TEMPOTOTAL", "CODICAO_ATENTIDO", "ALTERACAO_FONTE", "NAO_CONFORMIDADE", "COD_TESTE", "MATRICULA", "RESGISTRARDUVIDAS", "RESULTADO_FINAL", "COD_SOFTWARE") VALUES (:yp0, :yp1, :yp2, :yp3, :yp4, :yp5, :yp6, :yp7, :yp8) RETURNING "COD_REALIZACAO" INTO :RETURN_ID' in D:\wamp\www\yii\framework\db\CDbCommand.php:338
Stack trace:
#0 D:\wamp\www\yii\framework\db\ar\CActiveRecord.php(1015): CDbCommand->execute()
#1 D:\wamp\www\yii\framework\db\ar\CActiveRecord.php(779): CActiveRecord->insert(NULL)
#2 D:\wamp\www\ferramenta\protected\controllers\TestesRealizadosController.php(72): CActiveRecord->save()
#3 D:\wamp\www\yii\framework\web\actions\CInlineAction.php(50): TestesRealizadosController->actionCreate()
#4 D:\wamp\www\yii\framework\web\CController.php(300): CInlineAction->runWithParams(Array)
#5 D:\wamp\www\yii\framework\web\filters\CFilterChain.php(133): CController->runAction(Object(CInlineAction))
#6 D:\wamp\www\yii\framework\web\filters\CFilter.php(41): CFilterChain->run()
#7 D:\wamp\www\yii\framework\web\CController.php(1122): CFilter->filter(Object(CFilterChain))
#8 D:\wamp\www\yii\framework\web\filters\CInlineFilter.php(59): CController->filterAccessControl(Object(CFilterChain))
#9 D:\wamp\www\yii\framework\web\filters\CFilterChain.php(130): CInlineFilter->filter(Object(CFilterChain))
#10 D:\wamp\www\yii\framework\web\CController.php(283): CFilterChain->run()
#11 D:\wamp\www\yii\framework\web\CController.php(257): CController->runActionWithFilters(Object(CInlineAction), Array)
#12 D:\wamp\www\yii\framework\web\CWebApplication.php(328): CController->run('create')
#13 D:\wamp\www\yii\framework\web\CWebApplication.php(121): CWebApplication->runController('testesRealizado...')
#14 D:\wamp\www\yii\framework\base\CApplication.php(155): CWebApplication->processRequest()
#15 D:\wamp\www\ferramenta\index.php(13): CApplication->run()
#16 {main} REQUEST_URI=/ferramenta/index.php?r=testesRealizados/create
2011/05/12 13:25:07 [error] [exception.CException] exception 'CException' with message 'Property "Software.PROPRIETARIO" is not defined.' in D:\wamp\www\yii\framework\base\CComponent.php:131
Stack trace:
#0 D:\wamp\www\yii\framework\db\ar\CActiveRecord.php(128): CComponent->__get('PROPRIETARIO')
#1 D:\wamp\www\yii\framework\web\helpers\CHtml.php(2050): CActiveRecord->__get('PROPRIETARIO')
#2 D:\wamp\www\yii\framework\web\helpers\CHtml.php(1777): CHtml::resolveValue(Object(Software), 'PROPRIETARIO')
#3 D:\wamp\www\yii\framework\web\helpers\CHtml.php(1186): CHtml::activeInputField('text', Object(Software), 'PROPRIETARIO', Array)
#4 D:\wamp\www\yii\framework\web\widgets\CActiveForm.php(567): CHtml::activeTextField(Object(Software), 'PROPRIETARIO', Array)
#5 D:\wamp\www\ferramenta\protected\views\software\_form.php(15): CActiveForm->textField(Object(Software), 'PROPRIETARIO', Array)
#6 D:\wamp\www\yii\framework\web\CBaseController.php(119): require('D:\wamp\www\fer...')
#7 D:\wamp\www\yii\framework\web\CBaseController.php(88): CBaseController->renderInternal('D:\wamp\www\fer...', Array, true)
#8 D:\wamp\www\yii\framework\web\CController.php(866): CBaseController->renderFile('D:\wamp\www\fer...', Array, true)
#9 D:\wamp\www\ferramenta\protected\views\software\create.php(15): CController->renderPartial('_form', Array)
#10 D:\wamp\www\yii\framework\web\CBaseController.php(119): require('D:\wamp\www\fer...')
#11 D:\wamp\www\yii\framework\web\CBaseController.php(88): CBaseController->renderInternal('D:\wamp\www\fer...', Array, true)
#12 D:\wamp\www\yii\framework\web\CController.php(866): CBaseController->renderFile('D:\wamp\www\fer...', Array, true)
#13 D:\wamp\www\yii\framework\web\CController.php(779): CController->renderPartial('create', Array, true)
#14 D:\wamp\www\ferramenta\protected\controllers\SoftwareController.php(78): CController->render('create', Array)
#15 D:\wamp\www\yii\framework\web\actions\CInlineAction.php(50): SoftwareController->actionCreate()
#16 D:\wamp\www\yii\framework\web\CController.php(300): CInlineAction->runWithParams(Array)
#17 D:\wamp\www\yii\framework\web\filters\CFilterChain.php(133): CController->runAction(Object(CInlineAction))
#18 D:\wamp\www\yii\framework\web\filters\CFilter.php(41): CFilterChain->run()
#19 D:\wamp\www\yii\framework\web\CController.php(1122): CFilter->filter(Object(CFilterChain))
#20 D:\wamp\www\yii\framework\web\filters\CInlineFilter.php(59): CController->filterAccessControl(Object(CFilterChain))
#21 D:\wamp\www\yii\framework\web\filters\CFilterChain.php(130): CInlineFilter->filter(Object(CFilterChain))
#22 D:\wamp\www\yii\framework\web\CController.php(283): CFilterChain->run()
#23 D:\wamp\www\yii\framework\web\CController.php(257): CController->runActionWithFilters(Object(CInlineAction), Array)
#24 D:\wamp\www\yii\framework\web\CWebApplication.php(328): CController->run('create')
#25 D:\wamp\www\yii\framework\web\CWebApplication.php(121): CWebApplication->runController('software/create')
#26 D:\wamp\www\yii\framework\base\CApplication.php(155): CWebApplication->processRequest()
#27 D:\wamp\www\ferramenta\index.php(13): CApplication->run()
#28 {main} REQUEST_URI=/ferramenta/index.php?r=software/create
2011/05/12 13:25:31 [error] [exception.CException] exception 'CException' with message 'Property "Software.PROPRIETARIO" is not defined.' in D:\wamp\www\yii\framework\base\CComponent.php:131
Stack trace:
#0 D:\wamp\www\yii\framework\db\ar\CActiveRecord.php(128): CComponent->__get('PROPRIETARIO')
#1 D:\wamp\www\yii\framework\web\helpers\CHtml.php(2050): CActiveRecord->__get('PROPRIETARIO')
#2 D:\wamp\www\yii\framework\web\helpers\CHtml.php(1777): CHtml::resolveValue(Object(Software), 'PROPRIETARIO')
#3 D:\wamp\www\yii\framework\web\helpers\CHtml.php(1186): CHtml::activeInputField('text', Object(Software), 'PROPRIETARIO', Array)
#4 D:\wamp\www\yii\framework\web\widgets\CActiveForm.php(567): CHtml::activeTextField(Object(Software), 'PROPRIETARIO', Array)
#5 D:\wamp\www\ferramenta\protected\views\software\_form.php(15): CActiveForm->textField(Object(Software), 'PROPRIETARIO', Array)
#6 D:\wamp\www\yii\framework\web\CBaseController.php(119): require('D:\wamp\www\fer...')
#7 D:\wamp\www\yii\framework\web\CBaseController.php(88): CBaseController->renderInternal('D:\wamp\www\fer...', Array, true)
#8 D:\wamp\www\yii\framework\web\CController.php(866): CBaseController->renderFile('D:\wamp\www\fer...', Array, true)
#9 D:\wamp\www\ferramenta\protected\views\software\create.php(15): CController->renderPartial('_form', Array)
#10 D:\wamp\www\yii\framework\web\CBaseController.php(119): require('D:\wamp\www\fer...')
#11 D:\wamp\www\yii\framework\web\CBaseController.php(88): CBaseController->renderInternal('D:\wamp\www\fer...', Array, true)
#12 D:\wamp\www\yii\framework\web\CController.php(866): CBaseController->renderFile('D:\wamp\www\fer...', Array, true)
#13 D:\wamp\www\yii\framework\web\CController.php(779): CController->renderPartial('create', Array, true)
#14 D:\wamp\www\ferramenta\protected\controllers\SoftwareController.php(78): CController->render('create', Array)
#15 D:\wamp\www\yii\framework\web\actions\CInlineAction.php(50): SoftwareController->actionCreate()
#16 D:\wamp\www\yii\framework\web\CController.php(300): CInlineAction->runWithParams(Array)
#17 D:\wamp\www\yii\framework\web\filters\CFilterChain.php(133): CController->runAction(Object(CInlineAction))
#18 D:\wamp\www\yii\framework\web\filters\CFilter.php(41): CFilterChain->run()
#19 D:\wamp\www\yii\framework\web\CController.php(1122): CFilter->filter(Object(CFilterChain))
#20 D:\wamp\www\yii\framework\web\filters\CInlineFilter.php(59): CController->filterAccessControl(Object(CFilterChain))
#21 D:\wamp\www\yii\framework\web\filters\CFilterChain.php(130): CInlineFilter->filter(Object(CFilterChain))
#22 D:\wamp\www\yii\framework\web\CController.php(283): CFilterChain->run()
#23 D:\wamp\www\yii\framework\web\CController.php(257): CController->runActionWithFilters(Object(CInlineAction), Array)
#24 D:\wamp\www\yii\framework\web\CWebApplication.php(328): CController->run('create')
#25 D:\wamp\www\yii\framework\web\CWebApplication.php(121): CWebApplication->runController('software/create')
#26 D:\wamp\www\yii\framework\base\CApplication.php(155): CWebApplication->processRequest()
#27 D:\wamp\www\ferramenta\index.php(13): CApplication->run()
#28 {main} REQUEST_URI=/ferramenta/index.php?r=software/create
2011/05/12 13:27:09 [error] [exception.CException] exception 'CException' with message 'Property "Software.PROPRIETARIO" is not defined.' in D:\wamp\www\yii\framework\base\CComponent.php:131
Stack trace:
#0 D:\wamp\www\yii\framework\db\ar\CActiveRecord.php(128): CComponent->__get('PROPRIETARIO')
#1 D:\wamp\www\yii\framework\web\helpers\CHtml.php(2050): CActiveRecord->__get('PROPRIETARIO')
#2 D:\wamp\www\yii\framework\web\helpers\CHtml.php(1777): CHtml::resolveValue(Object(Software), 'PROPRIETARIO')
#3 D:\wamp\www\yii\framework\web\helpers\CHtml.php(1186): CHtml::activeInputField('text', Object(Software), 'PROPRIETARIO', Array)
#4 D:\wamp\www\yii\framework\web\widgets\CActiveForm.php(567): CHtml::activeTextField(Object(Software), 'PROPRIETARIO', Array)
#5 D:\wamp\www\ferramenta\protected\views\software\_form.php(15): CActiveForm->textField(Object(Software), 'PROPRIETARIO', Array)
#6 D:\wamp\www\yii\framework\web\CBaseController.php(119): require('D:\wamp\www\fer...')
#7 D:\wamp\www\yii\framework\web\CBaseController.php(88): CBaseController->renderInternal('D:\wamp\www\fer...', Array, true)
#8 D:\wamp\www\yii\framework\web\CController.php(866): CBaseController->renderFile('D:\wamp\www\fer...', Array, true)
#9 D:\wamp\www\ferramenta\protected\views\software\create.php(15): CController->renderPartial('_form', Array)
#10 D:\wamp\www\yii\framework\web\CBaseController.php(119): require('D:\wamp\www\fer...')
#11 D:\wamp\www\yii\framework\web\CBaseController.php(88): CBaseController->renderInternal('D:\wamp\www\fer...', Array, true)
#12 D:\wamp\www\yii\framework\web\CController.php(866): CBaseController->renderFile('D:\wamp\www\fer...', Array, true)
#13 D:\wamp\www\yii\framework\web\CController.php(779): CController->renderPartial('create', Array, true)
#14 D:\wamp\www\ferramenta\protected\controllers\SoftwareController.php(78): CController->render('create', Array)
#15 D:\wamp\www\yii\framework\web\actions\CInlineAction.php(50): SoftwareController->actionCreate()
#16 D:\wamp\www\yii\framework\web\CController.php(300): CInlineAction->runWithParams(Array)
#17 D:\wamp\www\yii\framework\web\filters\CFilterChain.php(133): CController->runAction(Object(CInlineAction))
#18 D:\wamp\www\yii\framework\web\filters\CFilter.php(41): CFilterChain->run()
#19 D:\wamp\www\yii\framework\web\CController.php(1122): CFilter->filter(Object(CFilterChain))
#20 D:\wamp\www\yii\framework\web\filters\CInlineFilter.php(59): CController->filterAccessControl(Object(CFilterChain))
#21 D:\wamp\www\yii\framework\web\filters\CFilterChain.php(130): CInlineFilter->filter(Object(CFilterChain))
#22 D:\wamp\www\yii\framework\web\CController.php(283): CFilterChain->run()
#23 D:\wamp\www\yii\framework\web\CController.php(257): CController->runActionWithFilters(Object(CInlineAction), Array)
#24 D:\wamp\www\yii\framework\web\CWebApplication.php(328): CController->run('create')
#25 D:\wamp\www\yii\framework\web\CWebApplication.php(121): CWebApplication->runController('software/create')
#26 D:\wamp\www\yii\framework\base\CApplication.php(155): CWebApplication->processRequest()
#27 D:\wamp\www\ferramenta\index.php(13): CApplication->run()
#28 {main} REQUEST_URI=/ferramenta/index.php?r=software/create
2011/05/12 13:27:11 [error] [exception.CException] exception 'CException' with message 'Property "Software.PROPRIETARIO" is not defined.' in D:\wamp\www\yii\framework\base\CComponent.php:131
Stack trace:
#0 D:\wamp\www\yii\framework\db\ar\CActiveRecord.php(128): CComponent->__get('PROPRIETARIO')
#1 D:\wamp\www\yii\framework\web\helpers\CHtml.php(2050): CActiveRecord->__get('PROPRIETARIO')
#2 D:\wamp\www\yii\framework\web\helpers\CHtml.php(1777): CHtml::resolveValue(Object(Software), 'PROPRIETARIO')
#3 D:\wamp\www\yii\framework\web\helpers\CHtml.php(1186): CHtml::activeInputField('text', Object(Software), 'PROPRIETARIO', Array)
#4 D:\wamp\www\yii\framework\web\widgets\CActiveForm.php(567): CHtml::activeTextField(Object(Software), 'PROPRIETARIO', Array)
#5 D:\wamp\www\ferramenta\protected\views\software\_form.php(15): CActiveForm->textField(Object(Software), 'PROPRIETARIO', Array)
#6 D:\wamp\www\yii\framework\web\CBaseController.php(119): require('D:\wamp\www\fer...')
#7 D:\wamp\www\yii\framework\web\CBaseController.php(88): CBaseController->renderInternal('D:\wamp\www\fer...', Array, true)
#8 D:\wamp\www\yii\framework\web\CController.php(866): CBaseController->renderFile('D:\wamp\www\fer...', Array, true)
#9 D:\wamp\www\ferramenta\protected\views\software\create.php(15): CController->renderPartial('_form', Array)
#10 D:\wamp\www\yii\framework\web\CBaseController.php(119): require('D:\wamp\www\fer...')
#11 D:\wamp\www\yii\framework\web\CBaseController.php(88): CBaseController->renderInternal('D:\wamp\www\fer...', Array, true)
#12 D:\wamp\www\yii\framework\web\CController.php(866): CBaseController->renderFile('D:\wamp\www\fer...', Array, true)
#13 D:\wamp\www\yii\framework\web\CController.php(779): CController->renderPartial('create', Array, true)
#14 D:\wamp\www\ferramenta\protected\controllers\SoftwareController.php(78): CController->render('create', Array)
#15 D:\wamp\www\yii\framework\web\actions\CInlineAction.php(50): SoftwareController->actionCreate()
#16 D:\wamp\www\yii\framework\web\CController.php(300): CInlineAction->runWithParams(Array)
#17 D:\wamp\www\yii\framework\web\filters\CFilterChain.php(133): CController->runAction(Object(CInlineAction))
#18 D:\wamp\www\yii\framework\web\filters\CFilter.php(41): CFilterChain->run()
#19 D:\wamp\www\yii\framework\web\CController.php(1122): CFilter->filter(Object(CFilterChain))
#20 D:\wamp\www\yii\framework\web\filters\CInlineFilter.php(59): CController->filterAccessControl(Object(CFilterChain))
#21 D:\wamp\www\yii\framework\web\filters\CFilterChain.php(130): CInlineFilter->filter(Object(CFilterChain))
#22 D:\wamp\www\yii\framework\web\CController.php(283): CFilterChain->run()
#23 D:\wamp\www\yii\framework\web\CController.php(257): CController->runActionWithFilters(Object(CInlineAction), Array)
#24 D:\wamp\www\yii\framework\web\CWebApplication.php(328): CController->run('create')
#25 D:\wamp\www\yii\framework\web\CWebApplication.php(121): CWebApplication->runController('software/create')
#26 D:\wamp\www\yii\framework\base\CApplication.php(155): CWebApplication->processRequest()
#27 D:\wamp\www\ferramenta\index.php(13): CApplication->run()
#28 {main} REQUEST_URI=/ferramenta/index.php?r=software/create
2011/05/12 13:27:12 [error] [exception.CException] exception 'CException' with message 'Property "Software.PROPRIETARIO" is not defined.' in D:\wamp\www\yii\framework\base\CComponent.php:131
Stack trace:
#0 D:\wamp\www\yii\framework\db\ar\CActiveRecord.php(128): CComponent->__get('PROPRIETARIO')
#1 D:\wamp\www\yii\framework\web\helpers\CHtml.php(2050): CActiveRecord->__get('PROPRIETARIO')
#2 D:\wamp\www\yii\framework\web\helpers\CHtml.php(1777): CHtml::resolveValue(Object(Software), 'PROPRIETARIO')
#3 D:\wamp\www\yii\framework\web\helpers\CHtml.php(1186): CHtml::activeInputField('text', Object(Software), 'PROPRIETARIO', Array)
#4 D:\wamp\www\yii\framework\web\widgets\CActiveForm.php(567): CHtml::activeTextField(Object(Software), 'PROPRIETARIO', Array)
#5 D:\wamp\www\ferramenta\protected\views\software\_form.php(15): CActiveForm->textField(Object(Software), 'PROPRIETARIO', Array)
#6 D:\wamp\www\yii\framework\web\CBaseController.php(119): require('D:\wamp\www\fer...')
#7 D:\wamp\www\yii\framework\web\CBaseController.php(88): CBaseController->renderInternal('D:\wamp\www\fer...', Array, true)
#8 D:\wamp\www\yii\framework\web\CController.php(866): CBaseController->renderFile('D:\wamp\www\fer...', Array, true)
#9 D:\wamp\www\ferramenta\protected\views\software\create.php(15): CController->renderPartial('_form', Array)
#10 D:\wamp\www\yii\framework\web\CBaseController.php(119): require('D:\wamp\www\fer...')
#11 D:\wamp\www\yii\framework\web\CBaseController.php(88): CBaseController->renderInternal('D:\wamp\www\fer...', Array, true)
#12 D:\wamp\www\yii\framework\web\CController.php(866): CBaseController->renderFile('D:\wamp\www\fer...', Array, true)
#13 D:\wamp\www\yii\framework\web\CController.php(779): CController->renderPartial('create', Array, true)
#14 D:\wamp\www\ferramenta\protected\controllers\SoftwareController.php(78): CController->render('create', Array)
#15 D:\wamp\www\yii\framework\web\actions\CInlineAction.php(50): SoftwareController->actionCreate()
#16 D:\wamp\www\yii\framework\web\CController.php(300): CInlineAction->runWithParams(Array)
#17 D:\wamp\www\yii\framework\web\filters\CFilterChain.php(133): CController->runAction(Object(CInlineAction))
#18 D:\wamp\www\yii\framework\web\filters\CFilter.php(41): CFilterChain->run()
#19 D:\wamp\www\yii\framework\web\CController.php(1122): CFilter->filter(Object(CFilterChain))
#20 D:\wamp\www\yii\framework\web\filters\CInlineFilter.php(59): CController->filterAccessControl(Object(CFilterChain))
#21 D:\wamp\www\yii\framework\web\filters\CFilterChain.php(130): CInlineFilter->filter(Object(CFilterChain))
#22 D:\wamp\www\yii\framework\web\CController.php(283): CFilterChain->run()
#23 D:\wamp\www\yii\framework\web\CController.php(257): CController->runActionWithFilters(Object(CInlineAction), Array)
#24 D:\wamp\www\yii\framework\web\CWebApplication.php(328): CController->run('create')
#25 D:\wamp\www\yii\framework\web\CWebApplication.php(121): CWebApplication->runController('software/create')
#26 D:\wamp\www\yii\framework\base\CApplication.php(155): CWebApplication->processRequest()
#27 D:\wamp\www\ferramenta\index.php(13): CApplication->run()
#28 {main} REQUEST_URI=/ferramenta/index.php?r=software/create
2011/05/12 13:27:13 [error] [exception.CException] exception 'CException' with message 'Property "Software.PROPRIETARIO" is not defined.' in D:\wamp\www\yii\framework\base\CComponent.php:131
Stack trace:
#0 D:\wamp\www\yii\framework\db\ar\CActiveRecord.php(128): CComponent->__get('PROPRIETARIO')
#1 D:\wamp\www\yii\framework\web\helpers\CHtml.php(2050): CActiveRecord->__get('PROPRIETARIO')
#2 D:\wamp\www\yii\framework\web\helpers\CHtml.php(1777): CHtml::resolveValue(Object(Software), 'PROPRIETARIO')
#3 D:\wamp\www\yii\framework\web\helpers\CHtml.php(1186): CHtml::activeInputField('text', Object(Software), 'PROPRIETARIO', Array)
#4 D:\wamp\www\yii\framework\web\widgets\CActiveForm.php(567): CHtml::activeTextField(Object(Software), 'PROPRIETARIO', Array)
#5 D:\wamp\www\ferramenta\protected\views\software\_form.php(15): CActiveForm->textField(Object(Software), 'PROPRIETARIO', Array)
#6 D:\wamp\www\yii\framework\web\CBaseController.php(119): require('D:\wamp\www\fer...')
#7 D:\wamp\www\yii\framework\web\CBaseController.php(88): CBaseController->renderInternal('D:\wamp\www\fer...', Array, true)
#8 D:\wamp\www\yii\framework\web\CController.php(866): CBaseController->renderFile('D:\wamp\www\fer...', Array, true)
#9 D:\wamp\www\ferramenta\protected\views\software\create.php(15): CController->renderPartial('_form', Array)
#10 D:\wamp\www\yii\framework\web\CBaseController.php(119): require('D:\wamp\www\fer...')
#11 D:\wamp\www\yii\framework\web\CBaseController.php(88): CBaseController->renderInternal('D:\wamp\www\fer...', Array, true)
#12 D:\wamp\www\yii\framework\web\CController.php(866): CBaseController->renderFile('D:\wamp\www\fer...', Array, true)
#13 D:\wamp\www\yii\framework\web\CController.php(779): CController->renderPartial('create', Array, true)
#14 D:\wamp\www\ferramenta\protected\controllers\SoftwareController.php(78): CController->render('create', Array)
#15 D:\wamp\www\yii\framework\web\actions\CInlineAction.php(50): SoftwareController->actionCreate()
#16 D:\wamp\www\yii\framework\web\CController.php(300): CInlineAction->runWithParams(Array)
#17 D:\wamp\www\yii\framework\web\filters\CFilterChain.php(133): CController->runAction(Object(CInlineAction))
#18 D:\wamp\www\yii\framework\web\filters\CFilter.php(41): CFilterChain->run()
#19 D:\wamp\www\yii\framework\web\CController.php(1122): CFilter->filter(Object(CFilterChain))
#20 D:\wamp\www\yii\framework\web\filters\CInlineFilter.php(59): CController->filterAccessControl(Object(CFilterChain))
#21 D:\wamp\www\yii\framework\web\filters\CFilterChain.php(130): CInlineFilter->filter(Object(CFilterChain))
#22 D:\wamp\www\yii\framework\web\CController.php(283): CFilterChain->run()
#23 D:\wamp\www\yii\framework\web\CController.php(257): CController->runActionWithFilters(Object(CInlineAction), Array)
#24 D:\wamp\www\yii\framework\web\CWebApplication.php(328): CController->run('create')
#25 D:\wamp\www\yii\framework\web\CWebApplication.php(121): CWebApplication->runController('software/create')
#26 D:\wamp\www\yii\framework\base\CApplication.php(155): CWebApplication->processRequest()
#27 D:\wamp\www\ferramenta\index.php(13): CApplication->run()
#28 {main} REQUEST_URI=/ferramenta/index.php?r=software/create
2011/05/12 13:27:13 [error] [exception.CException] exception 'CException' with message 'Property "Software.PROPRIETARIO" is not defined.' in D:\wamp\www\yii\framework\base\CComponent.php:131
Stack trace:
#0 D:\wamp\www\yii\framework\db\ar\CActiveRecord.php(128): CComponent->__get('PROPRIETARIO')
#1 D:\wamp\www\yii\framework\web\helpers\CHtml.php(2050): CActiveRecord->__get('PROPRIETARIO')
#2 D:\wamp\www\yii\framework\web\helpers\CHtml.php(1777): CHtml::resolveValue(Object(Software), 'PROPRIETARIO')
#3 D:\wamp\www\yii\framework\web\helpers\CHtml.php(1186): CHtml::activeInputField('text', Object(Software), 'PROPRIETARIO', Array)
#4 D:\wamp\www\yii\framework\web\widgets\CActiveForm.php(567): CHtml::activeTextField(Object(Software), 'PROPRIETARIO', Array)
#5 D:\wamp\www\ferramenta\protected\views\software\_form.php(15): CActiveForm->textField(Object(Software), 'PROPRIETARIO', Array)
#6 D:\wamp\www\yii\framework\web\CBaseController.php(119): require('D:\wamp\www\fer...')
#7 D:\wamp\www\yii\framework\web\CBaseController.php(88): CBaseController->renderInternal('D:\wamp\www\fer...', Array, true)
#8 D:\wamp\www\yii\framework\web\CController.php(866): CBaseController->renderFile('D:\wamp\www\fer...', Array, true)
#9 D:\wamp\www\ferramenta\protected\views\software\create.php(15): CController->renderPartial('_form', Array)
#10 D:\wamp\www\yii\framework\web\CBaseController.php(119): require('D:\wamp\www\fer...')
#11 D:\wamp\www\yii\framework\web\CBaseController.php(88): CBaseController->renderInternal('D:\wamp\www\fer...', Array, true)
#12 D:\wamp\www\yii\framework\web\CController.php(866): CBaseController->renderFile('D:\wamp\www\fer...', Array, true)
#13 D:\wamp\www\yii\framework\web\CController.php(779): CController->renderPartial('create', Array, true)
#14 D:\wamp\www\ferramenta\protected\controllers\SoftwareController.php(78): CController->render('create', Array)
#15 D:\wamp\www\yii\framework\web\actions\CInlineAction.php(50): SoftwareController->actionCreate()
#16 D:\wamp\www\yii\framework\web\CController.php(300): CInlineAction->runWithParams(Array)
#17 D:\wamp\www\yii\framework\web\filters\CFilterChain.php(133): CController->runAction(Object(CInlineAction))
#18 D:\wamp\www\yii\framework\web\filters\CFilter.php(41): CFilterChain->run()
#19 D:\wamp\www\yii\framework\web\CController.php(1122): CFilter->filter(Object(CFilterChain))
#20 D:\wamp\www\yii\framework\web\filters\CInlineFilter.php(59): CController->filterAccessControl(Object(CFilterChain))
#21 D:\wamp\www\yii\framework\web\filters\CFilterChain.php(130): CInlineFilter->filter(Object(CFilterChain))
#22 D:\wamp\www\yii\framework\web\CController.php(283): CFilterChain->run()
#23 D:\wamp\www\yii\framework\web\CController.php(257): CController->runActionWithFilters(Object(CInlineAction), Array)
#24 D:\wamp\www\yii\framework\web\CWebApplication.php(328): CController->run('create')
#25 D:\wamp\www\yii\framework\web\CWebApplication.php(121): CWebApplication->runController('software/create')
#26 D:\wamp\www\yii\framework\base\CApplication.php(155): CWebApplication->processRequest()
#27 D:\wamp\www\ferramenta\index.php(13): CApplication->run()
#28 {main} REQUEST_URI=/ferramenta/index.php?r=software/create
2011/05/12 13:27:13 [error] [exception.CException] exception 'CException' with message 'Property "Software.PROPRIETARIO" is not defined.' in D:\wamp\www\yii\framework\base\CComponent.php:131
Stack trace:
#0 D:\wamp\www\yii\framework\db\ar\CActiveRecord.php(128): CComponent->__get('PROPRIETARIO')
#1 D:\wamp\www\yii\framework\web\helpers\CHtml.php(2050): CActiveRecord->__get('PROPRIETARIO')
#2 D:\wamp\www\yii\framework\web\helpers\CHtml.php(1777): CHtml::resolveValue(Object(Software), 'PROPRIETARIO')
#3 D:\wamp\www\yii\framework\web\helpers\CHtml.php(1186): CHtml::activeInputField('text', Object(Software), 'PROPRIETARIO', Array)
#4 D:\wamp\www\yii\framework\web\widgets\CActiveForm.php(567): CHtml::activeTextField(Object(Software), 'PROPRIETARIO', Array)
#5 D:\wamp\www\ferramenta\protected\views\software\_form.php(15): CActiveForm->textField(Object(Software), 'PROPRIETARIO', Array)
#6 D:\wamp\www\yii\framework\web\CBaseController.php(119): require('D:\wamp\www\fer...')
#7 D:\wamp\www\yii\framework\web\CBaseController.php(88): CBaseController->renderInternal('D:\wamp\www\fer...', Array, true)
#8 D:\wamp\www\yii\framework\web\CController.php(866): CBaseController->renderFile('D:\wamp\www\fer...', Array, true)
#9 D:\wamp\www\ferramenta\protected\views\software\create.php(15): CController->renderPartial('_form', Array)
#10 D:\wamp\www\yii\framework\web\CBaseController.php(119): require('D:\wamp\www\fer...')
#11 D:\wamp\www\yii\framework\web\CBaseController.php(88): CBaseController->renderInternal('D:\wamp\www\fer...', Array, true)
#12 D:\wamp\www\yii\framework\web\CController.php(866): CBaseController->renderFile('D:\wamp\www\fer...', Array, true)
#13 D:\wamp\www\yii\framework\web\CController.php(779): CController->renderPartial('create', Array, true)
#14 D:\wamp\www\ferramenta\protected\controllers\SoftwareController.php(78): CController->render('create', Array)
#15 D:\wamp\www\yii\framework\web\actions\CInlineAction.php(50): SoftwareController->actionCreate()
#16 D:\wamp\www\yii\framework\web\CController.php(300): CInlineAction->runWithParams(Array)
#17 D:\wamp\www\yii\framework\web\filters\CFilterChain.php(133): CController->runAction(Object(CInlineAction))
#18 D:\wamp\www\yii\framework\web\filters\CFilter.php(41): CFilterChain->run()
#19 D:\wamp\www\yii\framework\web\CController.php(1122): CFilter->filter(Object(CFilterChain))
#20 D:\wamp\www\yii\framework\web\filters\CInlineFilter.php(59): CController->filterAccessControl(Object(CFilterChain))
#21 D:\wamp\www\yii\framework\web\filters\CFilterChain.php(130): CInlineFilter->filter(Object(CFilterChain))
#22 D:\wamp\www\yii\framework\web\CController.php(283): CFilterChain->run()
#23 D:\wamp\www\yii\framework\web\CController.php(257): CController->runActionWithFilters(Object(CInlineAction), Array)
#24 D:\wamp\www\yii\framework\web\CWebApplication.php(328): CController->run('create')
#25 D:\wamp\www\yii\framework\web\CWebApplication.php(121): CWebApplication->runController('software/create')
#26 D:\wamp\www\yii\framework\base\CApplication.php(155): CWebApplication->processRequest()
#27 D:\wamp\www\ferramenta\index.php(13): CApplication->run()
#28 {main} REQUEST_URI=/ferramenta/index.php?r=software/create
2011/05/12 13:27:24 [error] [exception.CException] exception 'CException' with message 'Property "Software.PROPRIETARIO" is not defined.' in D:\wamp\www\yii\framework\base\CComponent.php:131
Stack trace:
#0 D:\wamp\www\yii\framework\db\ar\CActiveRecord.php(128): CComponent->__get('PROPRIETARIO')
#1 D:\wamp\www\yii\framework\web\helpers\CHtml.php(2050): CActiveRecord->__get('PROPRIETARIO')
#2 D:\wamp\www\yii\framework\web\helpers\CHtml.php(1777): CHtml::resolveValue(Object(Software), 'PROPRIETARIO')
#3 D:\wamp\www\yii\framework\web\helpers\CHtml.php(1186): CHtml::activeInputField('text', Object(Software), 'PROPRIETARIO', Array)
#4 D:\wamp\www\yii\framework\web\widgets\CActiveForm.php(567): CHtml::activeTextField(Object(Software), 'PROPRIETARIO', Array)
#5 D:\wamp\www\ferramenta\protected\views\software\_form.php(15): CActiveForm->textField(Object(Software), 'PROPRIETARIO', Array)
#6 D:\wamp\www\yii\framework\web\CBaseController.php(119): require('D:\wamp\www\fer...')
#7 D:\wamp\www\yii\framework\web\CBaseController.php(88): CBaseController->renderInternal('D:\wamp\www\fer...', Array, true)
#8 D:\wamp\www\yii\framework\web\CController.php(866): CBaseController->renderFile('D:\wamp\www\fer...', Array, true)
#9 D:\wamp\www\ferramenta\protected\views\software\create.php(15): CController->renderPartial('_form', Array)
#10 D:\wamp\www\yii\framework\web\CBaseController.php(119): require('D:\wamp\www\fer...')
#11 D:\wamp\www\yii\framework\web\CBaseController.php(88): CBaseController->renderInternal('D:\wamp\www\fer...', Array, true)
#12 D:\wamp\www\yii\framework\web\CController.php(866): CBaseController->renderFile('D:\wamp\www\fer...', Array, true)
#13 D:\wamp\www\yii\framework\web\CController.php(779): CController->renderPartial('create', Array, true)
#14 D:\wamp\www\ferramenta\protected\controllers\SoftwareController.php(78): CController->render('create', Array)
#15 D:\wamp\www\yii\framework\web\actions\CInlineAction.php(50): SoftwareController->actionCreate()
#16 D:\wamp\www\yii\framework\web\CController.php(300): CInlineAction->runWithParams(Array)
#17 D:\wamp\www\yii\framework\web\filters\CFilterChain.php(133): CController->runAction(Object(CInlineAction))
#18 D:\wamp\www\yii\framework\web\filters\CFilter.php(41): CFilterChain->run()
#19 D:\wamp\www\yii\framework\web\CController.php(1122): CFilter->filter(Object(CFilterChain))
#20 D:\wamp\www\yii\framework\web\filters\CInlineFilter.php(59): CController->filterAccessControl(Object(CFilterChain))
#21 D:\wamp\www\yii\framework\web\filters\CFilterChain.php(130): CInlineFilter->filter(Object(CFilterChain))
#22 D:\wamp\www\yii\framework\web\CController.php(283): CFilterChain->run()
#23 D:\wamp\www\yii\framework\web\CController.php(257): CController->runActionWithFilters(Object(CInlineAction), Array)
#24 D:\wamp\www\yii\framework\web\CWebApplication.php(328): CController->run('create')
#25 D:\wamp\www\yii\framework\web\CWebApplication.php(121): CWebApplication->runController('software/create')
#26 D:\wamp\www\yii\framework\base\CApplication.php(155): CWebApplication->processRequest()
#27 D:\wamp\www\ferramenta\index.php(13): CApplication->run()
#28 {main} REQUEST_URI=/ferramenta/index.php?r=software/create
2011/05/12 14:17:09 [error] [php] Undefined variable: model (D:\wamp\www\ferramenta\protected\views\software\create.php:15)
Stack trace:
#0 D:\wamp\www\yii\framework\web\CController.php(866): SoftwareController->renderFile()
#1 D:\wamp\www\yii\framework\web\CController.php(779): SoftwareController->renderPartial()
#2 D:\wamp\www\ferramenta\protected\controllers\SoftwareController.php(80): SoftwareController->render()
#3 D:\wamp\www\yii\framework\web\actions\CInlineAction.php(50): SoftwareController->actionCreate()
#4 D:\wamp\www\yii\framework\web\CController.php(300): CInlineAction->runWithParams()
#5 D:\wamp\www\yii\framework\web\filters\CFilterChain.php(133): SoftwareController->runAction()
#6 D:\wamp\www\yii\framework\web\filters\CFilter.php(41): CFilterChain->run()
#7 D:\wamp\www\yii\framework\web\CController.php(1122): CAccessControlFilter->filter()
#8 D:\wamp\www\yii\framework\web\filters\CInlineFilter.php(59): SoftwareController->filterAccessControl()
#9 D:\wamp\www\yii\framework\web\filters\CFilterChain.php(130): CInlineFilter->filter()
#10 D:\wamp\www\yii\framework\web\CController.php(283): CFilterChain->run()
#11 D:\wamp\www\yii\framework\web\CController.php(257): SoftwareController->runActionWithFilters()
#12 D:\wamp\www\yii\framework\web\CWebApplication.php(328): SoftwareController->run()
#13 D:\wamp\www\yii\framework\web\CWebApplication.php(121): CWebApplication->runController()
#14 D:\wamp\www\yii\framework\base\CApplication.php(155): CWebApplication->processRequest()
#15 D:\wamp\www\ferramenta\index.php(13): CWebApplication->run()
REQUEST_URI=/ferramenta/index.php?r=software/create
in D:\wamp\www\ferramenta\protected\views\software\create.php (15)
in D:\wamp\www\ferramenta\protected\controllers\SoftwareController.php (80)
in D:\wamp\www\ferramenta\index.php (13)
2011/05/12 14:17:16 [error] [php] Undefined variable: model (D:\wamp\www\ferramenta\protected\views\software\create.php:15)
Stack trace:
#0 D:\wamp\www\yii\framework\web\CController.php(866): SoftwareController->renderFile()
#1 D:\wamp\www\yii\framework\web\CController.php(779): SoftwareController->renderPartial()
#2 D:\wamp\www\ferramenta\protected\controllers\SoftwareController.php(80): SoftwareController->render()
#3 D:\wamp\www\yii\framework\web\actions\CInlineAction.php(50): SoftwareController->actionCreate()
#4 D:\wamp\www\yii\framework\web\CController.php(300): CInlineAction->runWithParams()
#5 D:\wamp\www\yii\framework\web\filters\CFilterChain.php(133): SoftwareController->runAction()
#6 D:\wamp\www\yii\framework\web\filters\CFilter.php(41): CFilterChain->run()
#7 D:\wamp\www\yii\framework\web\CController.php(1122): CAccessControlFilter->filter()
#8 D:\wamp\www\yii\framework\web\filters\CInlineFilter.php(59): SoftwareController->filterAccessControl()
#9 D:\wamp\www\yii\framework\web\filters\CFilterChain.php(130): CInlineFilter->filter()
#10 D:\wamp\www\yii\framework\web\CController.php(283): CFilterChain->run()
#11 D:\wamp\www\yii\framework\web\CController.php(257): SoftwareController->runActionWithFilters()
#12 D:\wamp\www\yii\framework\web\CWebApplication.php(328): SoftwareController->run()
#13 D:\wamp\www\yii\framework\web\CWebApplication.php(121): CWebApplication->runController()
#14 D:\wamp\www\yii\framework\base\CApplication.php(155): CWebApplication->processRequest()
#15 D:\wamp\www\ferramenta\index.php(13): CWebApplication->run()
REQUEST_URI=/ferramenta/index.php?r=software/create
in D:\wamp\www\ferramenta\protected\views\software\create.php (15)
in D:\wamp\www\ferramenta\protected\controllers\SoftwareController.php (80)
in D:\wamp\www\ferramenta\index.php (13)
2011/05/12 14:20:05 [error] [php] Undefined variable: empresa (D:\wamp\www\ferramenta\protected\views\software\_form.php:14)
Stack trace:
#0 D:\wamp\www\yii\framework\web\CController.php(866): SoftwareController->renderFile()
#1 D:\wamp\www\ferramenta\protected\views\software\create.php(15): SoftwareController->renderPartial()
#2 D:\wamp\www\yii\framework\web\CBaseController.php(119): require()
#3 D:\wamp\www\yii\framework\web\CBaseController.php(88): SoftwareController->renderInternal()
#4 D:\wamp\www\yii\framework\web\CController.php(866): SoftwareController->renderFile()
#5 D:\wamp\www\yii\framework\web\CController.php(779): SoftwareController->renderPartial()
#6 D:\wamp\www\ferramenta\protected\controllers\SoftwareController.php(80): SoftwareController->render()
#7 D:\wamp\www\yii\framework\web\actions\CInlineAction.php(50): SoftwareController->actionCreate()
#8 D:\wamp\www\yii\framework\web\CController.php(300): CInlineAction->runWithParams()
#9 D:\wamp\www\yii\framework\web\filters\CFilterChain.php(133): SoftwareController->runAction()
#10 D:\wamp\www\yii\framework\web\filters\CFilter.php(41): CFilterChain->run()
#11 D:\wamp\www\yii\framework\web\CController.php(1122): CAccessControlFilter->filter()
#12 D:\wamp\www\yii\framework\web\filters\CInlineFilter.php(59): SoftwareController->filterAccessControl()
#13 D:\wamp\www\yii\framework\web\filters\CFilterChain.php(130): CInlineFilter->filter()
#14 D:\wamp\www\yii\framework\web\CController.php(283): CFilterChain->run()
#15 D:\wamp\www\yii\framework\web\CController.php(257): SoftwareController->runActionWithFilters()
#16 D:\wamp\www\yii\framework\web\CWebApplication.php(328): SoftwareController->run()
#17 D:\wamp\www\yii\framework\web\CWebApplication.php(121): CWebApplication->runController()
#18 D:\wamp\www\yii\framework\base\CApplication.php(155): CWebApplication->processRequest()
#19 D:\wamp\www\ferramenta\index.php(13): CWebApplication->run()
REQUEST_URI=/ferramenta/index.php?r=software/create
in D:\wamp\www\ferramenta\protected\views\software\_form.php (14)
in D:\wamp\www\ferramenta\protected\views\software\create.php (15)
in D:\wamp\www\ferramenta\protected\controllers\SoftwareController.php (80)
2011/05/12 14:23:43 [error] [php] Undefined variable: empresa (D:\wamp\www\ferramenta\protected\views\software\_form.php:14)
Stack trace:
#0 D:\wamp\www\yii\framework\web\CController.php(866): SoftwareController->renderFile()
#1 D:\wamp\www\ferramenta\protected\views\software\create.php(15): SoftwareController->renderPartial()
#2 D:\wamp\www\yii\framework\web\CBaseController.php(119): require()
#3 D:\wamp\www\yii\framework\web\CBaseController.php(88): SoftwareController->renderInternal()
#4 D:\wamp\www\yii\framework\web\CController.php(866): SoftwareController->renderFile()
#5 D:\wamp\www\yii\framework\web\CController.php(779): SoftwareController->renderPartial()
#6 D:\wamp\www\ferramenta\protected\controllers\SoftwareController.php(80): SoftwareController->render()
#7 D:\wamp\www\yii\framework\web\actions\CInlineAction.php(50): SoftwareController->actionCreate()
#8 D:\wamp\www\yii\framework\web\CController.php(300): CInlineAction->runWithParams()
#9 D:\wamp\www\yii\framework\web\filters\CFilterChain.php(133): SoftwareController->runAction()
#10 D:\wamp\www\yii\framework\web\filters\CFilter.php(41): CFilterChain->run()
#11 D:\wamp\www\yii\framework\web\CController.php(1122): CAccessControlFilter->filter()
#12 D:\wamp\www\yii\framework\web\filters\CInlineFilter.php(59): SoftwareController->filterAccessControl()
#13 D:\wamp\www\yii\framework\web\filters\CFilterChain.php(130): CInlineFilter->filter()
#14 D:\wamp\www\yii\framework\web\CController.php(283): CFilterChain->run()
#15 D:\wamp\www\yii\framework\web\CController.php(257): SoftwareController->runActionWithFilters()
#16 D:\wamp\www\yii\framework\web\CWebApplication.php(328): SoftwareController->run()
#17 D:\wamp\www\yii\framework\web\CWebApplication.php(121): CWebApplication->runController()
#18 D:\wamp\www\yii\framework\base\CApplication.php(155): CWebApplication->processRequest()
#19 D:\wamp\www\ferramenta\index.php(13): CWebApplication->run()
REQUEST_URI=/ferramenta/index.php?r=software/create
in D:\wamp\www\ferramenta\protected\views\software\_form.php (14)
in D:\wamp\www\ferramenta\protected\views\software\create.php (15)
in D:\wamp\www\ferramenta\protected\controllers\SoftwareController.php (80)
2011/05/12 14:38:32 [error] [php] Undefined variable: dataProvider (D:\wamp\www\ferramenta\protected\controllers\SoftwareController.php:136)
Stack trace:
#0 D:\wamp\www\yii\framework\web\filters\CFilterChain.php(133): SoftwareController->runAction()
#1 D:\wamp\www\yii\framework\web\filters\CFilter.php(41): CFilterChain->run()
#2 D:\wamp\www\yii\framework\web\CController.php(1122): CAccessControlFilter->filter()
#3 D:\wamp\www\yii\framework\web\filters\CInlineFilter.php(59): SoftwareController->filterAccessControl()
#4 D:\wamp\www\yii\framework\web\filters\CFilterChain.php(130): CInlineFilter->filter()
#5 D:\wamp\www\yii\framework\web\CController.php(283): CFilterChain->run()
#6 D:\wamp\www\yii\framework\web\CController.php(257): SoftwareController->runActionWithFilters()
#7 D:\wamp\www\yii\framework\web\CWebApplication.php(328): SoftwareController->run()
#8 D:\wamp\www\yii\framework\web\CWebApplication.php(121): CWebApplication->runController()
#9 D:\wamp\www\yii\framework\base\CApplication.php(155): CWebApplication->processRequest()
#10 D:\wamp\www\ferramenta\index.php(13): CWebApplication->run()
REQUEST_URI=/ferramenta/index.php?r=software
in D:\wamp\www\ferramenta\protected\controllers\SoftwareController.php (136)
in D:\wamp\www\ferramenta\index.php (13)
2011/05/12 14:42:06 [error] [php] Undefined variable: empresa (D:\wamp\www\ferramenta\protected\views\software\_form.php:14)
Stack trace:
#0 D:\wamp\www\yii\framework\web\CController.php(866): SoftwareController->renderFile()
#1 D:\wamp\www\ferramenta\protected\views\software\create.php(15): SoftwareController->renderPartial()
#2 D:\wamp\www\yii\framework\web\CBaseController.php(119): require()
#3 D:\wamp\www\yii\framework\web\CBaseController.php(88): SoftwareController->renderInternal()
#4 D:\wamp\www\yii\framework\web\CController.php(866): SoftwareController->renderFile()
#5 D:\wamp\www\yii\framework\web\CController.php(779): SoftwareController->renderPartial()
#6 D:\wamp\www\ferramenta\protected\controllers\SoftwareController.php(80): SoftwareController->render()
#7 D:\wamp\www\yii\framework\web\actions\CInlineAction.php(50): SoftwareController->actionCreate()
#8 D:\wamp\www\yii\framework\web\CController.php(300): CInlineAction->runWithParams()
#9 D:\wamp\www\yii\framework\web\filters\CFilterChain.php(133): SoftwareController->runAction()
#10 D:\wamp\www\yii\framework\web\filters\CFilter.php(41): CFilterChain->run()
#11 D:\wamp\www\yii\framework\web\CController.php(1122): CAccessControlFilter->filter()
#12 D:\wamp\www\yii\framework\web\filters\CInlineFilter.php(59): SoftwareController->filterAccessControl()
#13 D:\wamp\www\yii\framework\web\filters\CFilterChain.php(130): CInlineFilter->filter()
#14 D:\wamp\www\yii\framework\web\CController.php(283): CFilterChain->run()
#15 D:\wamp\www\yii\framework\web\CController.php(257): SoftwareController->runActionWithFilters()
#16 D:\wamp\www\yii\framework\web\CWebApplication.php(328): SoftwareController->run()
#17 D:\wamp\www\yii\framework\web\CWebApplication.php(121): CWebApplication->runController()
#18 D:\wamp\www\yii\framework\base\CApplication.php(155): CWebApplication->processRequest()
#19 D:\wamp\www\ferramenta\index.php(13): CWebApplication->run()
REQUEST_URI=/ferramenta/index.php?r=software/create
in D:\wamp\www\ferramenta\protected\views\software\_form.php (14)
in D:\wamp\www\ferramenta\protected\views\software\create.php (15)
in D:\wamp\www\ferramenta\protected\controllers\SoftwareController.php (80)
2011/05/12 15:03:21 [error] [php] Undefined variable: empresa (D:\wamp\www\ferramenta\protected\views\software\create.php:15)
Stack trace:
#0 D:\wamp\www\yii\framework\web\CController.php(866): SoftwareController->renderFile()
#1 D:\wamp\www\yii\framework\web\CController.php(779): SoftwareController->renderPartial()
#2 D:\wamp\www\ferramenta\protected\controllers\SoftwareController.php(80): SoftwareController->render()
#3 D:\wamp\www\yii\framework\web\actions\CInlineAction.php(50): SoftwareController->actionCreate()
#4 D:\wamp\www\yii\framework\web\CController.php(300): CInlineAction->runWithParams()
#5 D:\wamp\www\yii\framework\web\filters\CFilterChain.php(133): SoftwareController->runAction()
#6 D:\wamp\www\yii\framework\web\filters\CFilter.php(41): CFilterChain->run()
#7 D:\wamp\www\yii\framework\web\CController.php(1122): CAccessControlFilter->filter()
#8 D:\wamp\www\yii\framework\web\filters\CInlineFilter.php(59): SoftwareController->filterAccessControl()
#9 D:\wamp\www\yii\framework\web\filters\CFilterChain.php(130): CInlineFilter->filter()
#10 D:\wamp\www\yii\framework\web\CController.php(283): CFilterChain->run()
#11 D:\wamp\www\yii\framework\web\CController.php(257): SoftwareController->runActionWithFilters()
#12 D:\wamp\www\yii\framework\web\CWebApplication.php(328): SoftwareController->run()
#13 D:\wamp\www\yii\framework\web\CWebApplication.php(121): CWebApplication->runController()
#14 D:\wamp\www\yii\framework\base\CApplication.php(155): CWebApplication->processRequest()
#15 D:\wamp\www\ferramenta\index.php(13): CWebApplication->run()
REQUEST_URI=/ferramenta/index.php?r=software/create
in D:\wamp\www\ferramenta\protected\views\software\create.php (15)
in D:\wamp\www\ferramenta\protected\controllers\SoftwareController.php (80)
in D:\wamp\www\ferramenta\index.php (13)
2011/05/12 15:09:51 [error] [php] Undefined variable: empresao (D:\wamp\www\ferramenta\protected\views\software\_form.php:27)
Stack trace:
#0 D:\wamp\www\yii\framework\web\CController.php(866): SoftwareController->renderFile()
#1 D:\wamp\www\ferramenta\protected\views\software\create.php(15): SoftwareController->renderPartial()
#2 D:\wamp\www\yii\framework\web\CBaseController.php(119): require()
#3 D:\wamp\www\yii\framework\web\CBaseController.php(88): SoftwareController->renderInternal()
#4 D:\wamp\www\yii\framework\web\CController.php(866): SoftwareController->renderFile()
#5 D:\wamp\www\yii\framework\web\CController.php(779): SoftwareController->renderPartial()
#6 D:\wamp\www\ferramenta\protected\controllers\SoftwareController.php(84): SoftwareController->render()
#7 D:\wamp\www\yii\framework\web\actions\CInlineAction.php(50): SoftwareController->actionCreate()
#8 D:\wamp\www\yii\framework\web\CController.php(300): CInlineAction->runWithParams()
#9 D:\wamp\www\yii\framework\web\filters\CFilterChain.php(133): SoftwareController->runAction()
#10 D:\wamp\www\yii\framework\web\filters\CFilter.php(41): CFilterChain->run()
#11 D:\wamp\www\yii\framework\web\CController.php(1122): CAccessControlFilter->filter()
#12 D:\wamp\www\yii\framework\web\filters\CInlineFilter.php(59): SoftwareController->filterAccessControl()
#13 D:\wamp\www\yii\framework\web\filters\CFilterChain.php(130): CInlineFilter->filter()
#14 D:\wamp\www\yii\framework\web\CController.php(283): CFilterChain->run()
#15 D:\wamp\www\yii\framework\web\CController.php(257): SoftwareController->runActionWithFilters()
#16 D:\wamp\www\yii\framework\web\CWebApplication.php(328): SoftwareController->run()
#17 D:\wamp\www\yii\framework\web\CWebApplication.php(121): CWebApplication->runController()
#18 D:\wamp\www\yii\framework\base\CApplication.php(155): CWebApplication->processRequest()
#19 D:\wamp\www\ferramenta\index.php(13): CWebApplication->run()
REQUEST_URI=/ferramenta/index.php?r=software/create
in D:\wamp\www\ferramenta\protected\views\software\_form.php (27)
in D:\wamp\www\ferramenta\protected\views\software\create.php (15)
in D:\wamp\www\ferramenta\protected\controllers\SoftwareController.php (84)
2011/05/12 15:38:37 [error] [exception.CException] exception 'CException' with message 'Property "Endereco.Uf" is not defined.' in D:\wamp\www\yii\framework\base\CComponent.php:131
Stack trace:
#0 D:\wamp\www\yii\framework\db\ar\CActiveRecord.php(128): CComponent->__get('Uf')
#1 D:\wamp\www\yii\framework\web\helpers\CHtml.php(2050): CActiveRecord->__get('Uf')
#2 D:\wamp\www\yii\framework\web\helpers\CHtml.php(1384): CHtml::resolveValue(Object(Endereco), 'Uf')
#3 D:\wamp\www\ferramenta\protected\views\software\_form.php(94): CHtml::activeDropDownList(Object(Endereco), 'Uf', Array)
#4 D:\wamp\www\yii\framework\web\CBaseController.php(119): require('D:\wamp\www\fer...')
#5 D:\wamp\www\yii\framework\web\CBaseController.php(88): CBaseController->renderInternal('D:\wamp\www\fer...', Array, true)
#6 D:\wamp\www\yii\framework\web\CController.php(866): CBaseController->renderFile('D:\wamp\www\fer...', Array, true)
#7 D:\wamp\www\ferramenta\protected\views\software\create.php(15): CController->renderPartial('_form', Array)
#8 D:\wamp\www\yii\framework\web\CBaseController.php(119): require('D:\wamp\www\fer...')
#9 D:\wamp\www\yii\framework\web\CBaseController.php(88): CBaseController->renderInternal('D:\wamp\www\fer...', Array, true)
#10 D:\wamp\www\yii\framework\web\CController.php(866): CBaseController->renderFile('D:\wamp\www\fer...', Array, true)
#11 D:\wamp\www\yii\framework\web\CController.php(779): CController->renderPartial('create', Array, true)
#12 D:\wamp\www\ferramenta\protected\controllers\SoftwareController.php(84): CController->render('create', Array)
#13 D:\wamp\www\yii\framework\web\actions\CInlineAction.php(50): SoftwareController->actionCreate()
#14 D:\wamp\www\yii\framework\web\CController.php(300): CInlineAction->runWithParams(Array)
#15 D:\wamp\www\yii\framework\web\filters\CFilterChain.php(133): CController->runAction(Object(CInlineAction))
#16 D:\wamp\www\yii\framework\web\filters\CFilter.php(41): CFilterChain->run()
#17 D:\wamp\www\yii\framework\web\CController.php(1122): CFilter->filter(Object(CFilterChain))
#18 D:\wamp\www\yii\framework\web\filters\CInlineFilter.php(59): CController->filterAccessControl(Object(CFilterChain))
#19 D:\wamp\www\yii\framework\web\filters\CFilterChain.php(130): CInlineFilter->filter(Object(CFilterChain))
#20 D:\wamp\www\yii\framework\web\CController.php(283): CFilterChain->run()
#21 D:\wamp\www\yii\framework\web\CController.php(257): CController->runActionWithFilters(Object(CInlineAction), Array)
#22 D:\wamp\www\yii\framework\web\CWebApplication.php(328): CController->run('create')
#23 D:\wamp\www\yii\framework\web\CWebApplication.php(121): CWebApplication->runController('software/create')
#24 D:\wamp\www\yii\framework\base\CApplication.php(155): CWebApplication->processRequest()
#25 D:\wamp\www\ferramenta\index.php(13): CApplication->run()
#26 {main} REQUEST_URI=/ferramenta/index.php?r=software/create
